TN:
SF:/Users/mac/Desktop/study/ui-demo/src/svg.js
FN:1,(anonymous_0)
FN:13,(anonymous_1)
FN:15,(anonymous_2)
FN:19,(anonymous_3)
FN:26,(anonymous_4)
FN:30,e
FN:35,(anonymous_6)
FN:37,(anonymous_7)
FN:38,(anonymous_8)
FNF:9
FNH:6
FNDA:1,(anonymous_0)
FNDA:1,(anonymous_1)
FNDA:1,(anonymous_2)
FNDA:0,(anonymous_3)
FNDA:0,(anonymous_4)
FNDA:0,e
FNDA:1,(anonymous_6)
FNDA:1,(anonymous_7)
FNDA:1,(anonymous_8)
DA:1,1
DA:3,1
DA:4,1
DA:5,1
DA:6,0
DA:7,0
DA:8,0
DA:10,0
DA:13,1
DA:14,1
DA:15,1
DA:16,1
DA:18,1
DA:19,0
DA:20,0
DA:21,0
DA:23,0
DA:25,0
DA:27,0
DA:31,0
DA:37,1
DA:38,1
DA:39,1
LF:23
LH:12
BRDA:5,0,0,0
BRDA:5,0,1,1
BRDA:5,1,0,1
BRDA:5,1,1,0
BRDA:10,2,0,0
BRDA:10,2,1,0
BRDA:14,3,0,1
BRDA:14,3,1,0
BRDA:14,4,0,0
BRDA:14,4,1,1
BRDA:19,5,0,0
BRDA:19,5,1,0
BRDA:27,6,0,0
BRDA:27,6,1,0
BRDA:31,7,0,0
BRDA:31,7,1,0
BRDA:37,8,0,1
BRDA:37,8,1,1
BRDA:38,9,0,1
BRDA:38,9,1,0
BRF:20
BRH:7
end_of_record
TN:
SF:/Users/mac/Desktop/study/ui-demo/src/icon.vue
FNF:0
FNH:0
LF:0
LH:0
BRF:0
BRH:0
end_of_record
TN:
SF:/Users/mac/Desktop/study/ui-demo/src/button.vue
FN:30,(anonymous_0)
FNF:1
FNH:1
FNDA:5,(anonymous_0)
DA:31,5
LF:1
LH:1
BRDA:31,0,0,5
BRDA:31,0,1,1
BRF:2
BRH:2
end_of_record
